D:\COURSERA\DATA STRUCTURES AND ALGORITHMS\COURSE_SOLUTION_VS12\DEBUG\HASH_CHAINS.OBJ
D:\COURSERA\DATA STRUCTURES AND ALGORITHMS\COURSE_SOLUTION_VS12\DEBUG\VC110.PDB
D:\COURSERA\DATA STRUCTURES AND ALGORITHMS\COURSE_SOLUTION_VS12\DEBUG\SOURCE.OBJ
D:\COURSERA\DATA STRUCTURES AND ALGORITHMS\COURSE_SOLUTION_VS12\DEBUG\HASH_SUBSTRING.OBJ
D:\COURSERA\DATA STRUCTURES AND ALGORITHMS\COURSE_SOLUTION_VS12\DEBUG\TREE-ORDERS.OBJ
D:\COURSERA\DATA STRUCTURES AND ALGORITHMS\COURSE_SOLUTION_VS12\DEBUG\SET_RANGE_SUM.OBJ
D:\COURSERA\DATA STRUCTURES AND ALGORITHMS\COURSE_SOLUTION_VS12\DEBUG\ROPE.OBJ
D:\COURSERA\DATA STRUCTURES AND ALGORITHMS\COURSE_SOLUTION_VS12\DEBUG\CONNECTED_COMPONENTS.OBJ
D:\COURSERA\DATA STRUCTURES AND ALGORITHMS\COURSE_SOLUTION_VS12\DEBUG\COURSE_SOLUTION_VS12.ILK
D:\COURSERA\DATA STRUCTURES AND ALGORITHMS\COURSE_SOLUTION_VS12\DEBUG\COURSE_SOLUTION_VS12.EXE
D:\COURSERA\DATA STRUCTURES AND ALGORITHMS\COURSE_SOLUTION_VS12\DEBUG\COURSE_SOLUTION_VS12.PDB
D:\Coursera\Data Structures and Algorithms\Course_Solution_VS12\Debug\connected_components.obj
D:\Coursera\Data Structures and Algorithms\Course_Solution_VS12\Debug\hash_chains.obj
D:\Coursera\Data Structures and Algorithms\Course_Solution_VS12\Debug\hash_substring.obj
D:\Coursera\Data Structures and Algorithms\Course_Solution_VS12\Debug\rope.obj
D:\Coursera\Data Structures and Algorithms\Course_Solution_VS12\Debug\set_range_sum.obj
D:\Coursera\Data Structures and Algorithms\Course_Solution_VS12\Debug\tree-orders.obj
D:\Coursera\Data Structures and Algorithms\Course_Solution_VS12\Debug\Course_Solution_VS12.ilk
D:\Coursera\Data Structures and Algorithms\Course_Solution_VS12\Debug\cl.command.1.tlog
D:\Coursera\Data Structures and Algorithms\Course_Solution_VS12\Debug\CL.read.1.tlog
D:\Coursera\Data Structures and Algorithms\Course_Solution_VS12\Debug\CL.write.1.tlog
D:\Coursera\Data Structures and Algorithms\Course_Solution_VS12\Debug\link-cvtres.read.1.tlog
D:\Coursera\Data Structures and Algorithms\Course_Solution_VS12\Debug\link-cvtres.write.1.tlog
D:\Coursera\Data Structures and Algorithms\Course_Solution_VS12\Debug\link-rc.read.1.tlog
D:\Coursera\Data Structures and Algorithms\Course_Solution_VS12\Debug\link-rc.write.1.tlog
D:\Coursera\Data Structures and Algorithms\Course_Solution_VS12\Debug\link.3260-cvtres.read.1.tlog
D:\Coursera\Data Structures and Algorithms\Course_Solution_VS12\Debug\link.3260-cvtres.write.1.tlog
D:\Coursera\Data Structures and Algorithms\Course_Solution_VS12\Debug\link.3260-rc.read.1.tlog
D:\Coursera\Data Structures and Algorithms\Course_Solution_VS12\Debug\link.3260-rc.write.1.tlog
D:\Coursera\Data Structures and Algorithms\Course_Solution_VS12\Debug\link.3260.read.1.tlog
D:\Coursera\Data Structures and Algorithms\Course_Solution_VS12\Debug\link.3260.write.1.tlog
D:\Coursera\Data Structures and Algorithms\Course_Solution_VS12\Debug\link.3544-cvtres.read.1.tlog
D:\Coursera\Data Structures and Algorithms\Course_Solution_VS12\Debug\link.3544-cvtres.write.1.tlog
D:\Coursera\Data Structures and Algorithms\Course_Solution_VS12\Debug\link.3544-rc.read.1.tlog
D:\Coursera\Data Structures and Algorithms\Course_Solution_VS12\Debug\link.3544-rc.write.1.tlog
D:\Coursera\Data Structures and Algorithms\Course_Solution_VS12\Debug\link.3544.read.1.tlog
D:\Coursera\Data Structures and Algorithms\Course_Solution_VS12\Debug\link.3544.write.1.tlog
D:\Coursera\Data Structures and Algorithms\Course_Solution_VS12\Debug\link.4560-cvtres.read.1.tlog
D:\Coursera\Data Structures and Algorithms\Course_Solution_VS12\Debug\link.4560-cvtres.write.1.tlog
D:\Coursera\Data Structures and Algorithms\Course_Solution_VS12\Debug\link.4560-rc.read.1.tlog
D:\Coursera\Data Structures and Algorithms\Course_Solution_VS12\Debug\link.4560-rc.write.1.tlog
D:\Coursera\Data Structures and Algorithms\Course_Solution_VS12\Debug\link.4560.read.1.tlog
D:\Coursera\Data Structures and Algorithms\Course_Solution_VS12\Debug\link.4560.write.1.tlog
D:\Coursera\Data Structures and Algorithms\Course_Solution_VS12\Debug\link.5768-cvtres.read.1.tlog
D:\Coursera\Data Structures and Algorithms\Course_Solution_VS12\Debug\link.5768-cvtres.write.1.tlog
D:\Coursera\Data Structures and Algorithms\Course_Solution_VS12\Debug\link.5768-rc.read.1.tlog
D:\Coursera\Data Structures and Algorithms\Course_Solution_VS12\Debug\link.5768-rc.write.1.tlog
D:\Coursera\Data Structures and Algorithms\Course_Solution_VS12\Debug\link.5768.read.1.tlog
D:\Coursera\Data Structures and Algorithms\Course_Solution_VS12\Debug\link.5768.write.1.tlog
D:\Coursera\Data Structures and Algorithms\Course_Solution_VS12\Debug\link.5820-cvtres.read.1.tlog
D:\Coursera\Data Structures and Algorithms\Course_Solution_VS12\Debug\link.5820-cvtres.write.1.tlog
D:\Coursera\Data Structures and Algorithms\Course_Solution_VS12\Debug\link.5820-rc.read.1.tlog
D:\Coursera\Data Structures and Algorithms\Course_Solution_VS12\Debug\link.5820-rc.write.1.tlog
D:\Coursera\Data Structures and Algorithms\Course_Solution_VS12\Debug\link.5820.read.1.tlog
D:\Coursera\Data Structures and Algorithms\Course_Solution_VS12\Debug\link.5820.write.1.tlog
D:\Coursera\Data Structures and Algorithms\Course_Solution_VS12\Debug\link.5900-cvtres.read.1.tlog
D:\Coursera\Data Structures and Algorithms\Course_Solution_VS12\Debug\link.5900-cvtres.write.1.tlog
D:\Coursera\Data Structures and Algorithms\Course_Solution_VS12\Debug\link.5900-rc.read.1.tlog
D:\Coursera\Data Structures and Algorithms\Course_Solution_VS12\Debug\link.5900-rc.write.1.tlog
D:\Coursera\Data Structures and Algorithms\Course_Solution_VS12\Debug\link.5900.read.1.tlog
D:\Coursera\Data Structures and Algorithms\Course_Solution_VS12\Debug\link.5900.write.1.tlog
D:\Coursera\Data Structures and Algorithms\Course_Solution_VS12\Debug\link.6512-cvtres.read.1.tlog
D:\Coursera\Data Structures and Algorithms\Course_Solution_VS12\Debug\link.6512-cvtres.write.1.tlog
D:\Coursera\Data Structures and Algorithms\Course_Solution_VS12\Debug\link.6512-rc.read.1.tlog
D:\Coursera\Data Structures and Algorithms\Course_Solution_VS12\Debug\link.6512-rc.write.1.tlog
D:\Coursera\Data Structures and Algorithms\Course_Solution_VS12\Debug\link.6512.read.1.tlog
D:\Coursera\Data Structures and Algorithms\Course_Solution_VS12\Debug\link.6512.write.1.tlog
D:\Coursera\Data Structures and Algorithms\Course_Solution_VS12\Debug\link.6868-cvtres.read.1.tlog
D:\Coursera\Data Structures and Algorithms\Course_Solution_VS12\Debug\link.6868-cvtres.write.1.tlog
D:\Coursera\Data Structures and Algorithms\Course_Solution_VS12\Debug\link.6868-rc.read.1.tlog
D:\Coursera\Data Structures and Algorithms\Course_Solution_VS12\Debug\link.6868-rc.write.1.tlog
D:\Coursera\Data Structures and Algorithms\Course_Solution_VS12\Debug\link.6868.read.1.tlog
D:\Coursera\Data Structures and Algorithms\Course_Solution_VS12\Debug\link.6868.write.1.tlog
D:\Coursera\Data Structures and Algorithms\Course_Solution_VS12\Debug\link.7096-cvtres.read.1.tlog
D:\Coursera\Data Structures and Algorithms\Course_Solution_VS12\Debug\link.7096-cvtres.write.1.tlog
D:\Coursera\Data Structures and Algorithms\Course_Solution_VS12\Debug\link.7096-rc.read.1.tlog
D:\Coursera\Data Structures and Algorithms\Course_Solution_VS12\Debug\link.7096-rc.write.1.tlog
D:\Coursera\Data Structures and Algorithms\Course_Solution_VS12\Debug\link.7096.read.1.tlog
D:\Coursera\Data Structures and Algorithms\Course_Solution_VS12\Debug\link.7096.write.1.tlog
D:\Coursera\Data Structures and Algorithms\Course_Solution_VS12\Debug\link.7224-cvtres.read.1.tlog
D:\Coursera\Data Structures and Algorithms\Course_Solution_VS12\Debug\link.7224-cvtres.write.1.tlog
D:\Coursera\Data Structures and Algorithms\Course_Solution_VS12\Debug\link.7224-rc.read.1.tlog
D:\Coursera\Data Structures and Algorithms\Course_Solution_VS12\Debug\link.7224-rc.write.1.tlog
D:\Coursera\Data Structures and Algorithms\Course_Solution_VS12\Debug\link.7224.read.1.tlog
D:\Coursera\Data Structures and Algorithms\Course_Solution_VS12\Debug\link.7224.write.1.tlog
D:\Coursera\Data Structures and Algorithms\Course_Solution_VS12\Debug\link.7228-cvtres.read.1.tlog
D:\Coursera\Data Structures and Algorithms\Course_Solution_VS12\Debug\link.7228-cvtres.write.1.tlog
D:\Coursera\Data Structures and Algorithms\Course_Solution_VS12\Debug\link.7228-rc.read.1.tlog
D:\Coursera\Data Structures and Algorithms\Course_Solution_VS12\Debug\link.7228-rc.write.1.tlog
D:\Coursera\Data Structures and Algorithms\Course_Solution_VS12\Debug\link.7228.read.1.tlog
D:\Coursera\Data Structures and Algorithms\Course_Solution_VS12\Debug\link.7228.write.1.tlog
D:\Coursera\Data Structures and Algorithms\Course_Solution_VS12\Debug\link.7348-cvtres.read.1.tlog
D:\Coursera\Data Structures and Algorithms\Course_Solution_VS12\Debug\link.7348-cvtres.write.1.tlog
D:\Coursera\Data Structures and Algorithms\Course_Solution_VS12\Debug\link.7348-rc.read.1.tlog
D:\Coursera\Data Structures and Algorithms\Course_Solution_VS12\Debug\link.7348-rc.write.1.tlog
D:\Coursera\Data Structures and Algorithms\Course_Solution_VS12\Debug\link.7348.read.1.tlog
D:\Coursera\Data Structures and Algorithms\Course_Solution_VS12\Debug\link.7348.write.1.tlog
D:\Coursera\Data Structures and Algorithms\Course_Solution_VS12\Debug\link.7368-cvtres.read.1.tlog
D:\Coursera\Data Structures and Algorithms\Course_Solution_VS12\Debug\link.7368-cvtres.write.1.tlog
D:\Coursera\Data Structures and Algorithms\Course_Solution_VS12\Debug\link.7368-rc.read.1.tlog
D:\Coursera\Data Structures and Algorithms\Course_Solution_VS12\Debug\link.7368-rc.write.1.tlog
D:\Coursera\Data Structures and Algorithms\Course_Solution_VS12\Debug\link.7368.read.1.tlog
D:\Coursera\Data Structures and Algorithms\Course_Solution_VS12\Debug\link.7368.write.1.tlog
D:\Coursera\Data Structures and Algorithms\Course_Solution_VS12\Debug\link.7552-cvtres.read.1.tlog
D:\Coursera\Data Structures and Algorithms\Course_Solution_VS12\Debug\link.7552-cvtres.write.1.tlog
D:\Coursera\Data Structures and Algorithms\Course_Solution_VS12\Debug\link.7552-rc.read.1.tlog
D:\Coursera\Data Structures and Algorithms\Course_Solution_VS12\Debug\link.7552-rc.write.1.tlog
D:\Coursera\Data Structures and Algorithms\Course_Solution_VS12\Debug\link.7552.read.1.tlog
D:\Coursera\Data Structures and Algorithms\Course_Solution_VS12\Debug\link.7552.write.1.tlog
D:\Coursera\Data Structures and Algorithms\Course_Solution_VS12\Debug\link.7576-cvtres.read.1.tlog
D:\Coursera\Data Structures and Algorithms\Course_Solution_VS12\Debug\link.7576-cvtres.write.1.tlog
D:\Coursera\Data Structures and Algorithms\Course_Solution_VS12\Debug\link.7576-rc.read.1.tlog
D:\Coursera\Data Structures and Algorithms\Course_Solution_VS12\Debug\link.7576-rc.write.1.tlog
D:\Coursera\Data Structures and Algorithms\Course_Solution_VS12\Debug\link.7576.read.1.tlog
D:\Coursera\Data Structures and Algorithms\Course_Solution_VS12\Debug\link.7576.write.1.tlog
D:\Coursera\Data Structures and Algorithms\Course_Solution_VS12\Debug\link.7680-cvtres.read.1.tlog
D:\Coursera\Data Structures and Algorithms\Course_Solution_VS12\Debug\link.7680-cvtres.write.1.tlog
D:\Coursera\Data Structures and Algorithms\Course_Solution_VS12\Debug\link.7680-rc.read.1.tlog
D:\Coursera\Data Structures and Algorithms\Course_Solution_VS12\Debug\link.7680-rc.write.1.tlog
D:\Coursera\Data Structures and Algorithms\Course_Solution_VS12\Debug\link.7680.read.1.tlog
D:\Coursera\Data Structures and Algorithms\Course_Solution_VS12\Debug\link.7680.write.1.tlog
D:\Coursera\Data Structures and Algorithms\Course_Solution_VS12\Debug\link.7684-cvtres.read.1.tlog
D:\Coursera\Data Structures and Algorithms\Course_Solution_VS12\Debug\link.7684-cvtres.write.1.tlog
D:\Coursera\Data Structures and Algorithms\Course_Solution_VS12\Debug\link.7684-rc.read.1.tlog
D:\Coursera\Data Structures and Algorithms\Course_Solution_VS12\Debug\link.7684-rc.write.1.tlog
D:\Coursera\Data Structures and Algorithms\Course_Solution_VS12\Debug\link.7684.read.1.tlog
D:\Coursera\Data Structures and Algorithms\Course_Solution_VS12\Debug\link.7684.write.1.tlog
D:\Coursera\Data Structures and Algorithms\Course_Solution_VS12\Debug\link.7696-cvtres.read.1.tlog
D:\Coursera\Data Structures and Algorithms\Course_Solution_VS12\Debug\link.7696-cvtres.write.1.tlog
D:\Coursera\Data Structures and Algorithms\Course_Solution_VS12\Debug\link.7696-rc.read.1.tlog
D:\Coursera\Data Structures and Algorithms\Course_Solution_VS12\Debug\link.7696-rc.write.1.tlog
D:\Coursera\Data Structures and Algorithms\Course_Solution_VS12\Debug\link.7696.read.1.tlog
D:\Coursera\Data Structures and Algorithms\Course_Solution_VS12\Debug\link.7696.write.1.tlog
D:\Coursera\Data Structures and Algorithms\Course_Solution_VS12\Debug\link.7768-cvtres.read.1.tlog
D:\Coursera\Data Structures and Algorithms\Course_Solution_VS12\Debug\link.7768-cvtres.write.1.tlog
D:\Coursera\Data Structures and Algorithms\Course_Solution_VS12\Debug\link.7768-rc.read.1.tlog
D:\Coursera\Data Structures and Algorithms\Course_Solution_VS12\Debug\link.7768-rc.write.1.tlog
D:\Coursera\Data Structures and Algorithms\Course_Solution_VS12\Debug\link.7768.read.1.tlog
D:\Coursera\Data Structures and Algorithms\Course_Solution_VS12\Debug\link.7768.write.1.tlog
D:\Coursera\Data Structures and Algorithms\Course_Solution_VS12\Debug\link.8060-cvtres.read.1.tlog
D:\Coursera\Data Structures and Algorithms\Course_Solution_VS12\Debug\link.8060-cvtres.write.1.tlog
D:\Coursera\Data Structures and Algorithms\Course_Solution_VS12\Debug\link.8060-rc.read.1.tlog
D:\Coursera\Data Structures and Algorithms\Course_Solution_VS12\Debug\link.8060-rc.write.1.tlog
D:\Coursera\Data Structures and Algorithms\Course_Solution_VS12\Debug\link.8060.read.1.tlog
D:\Coursera\Data Structures and Algorithms\Course_Solution_VS12\Debug\link.8060.write.1.tlog
D:\Coursera\Data Structures and Algorithms\Course_Solution_VS12\Debug\link.8088-cvtres.read.1.tlog
D:\Coursera\Data Structures and Algorithms\Course_Solution_VS12\Debug\link.8088-cvtres.write.1.tlog
D:\Coursera\Data Structures and Algorithms\Course_Solution_VS12\Debug\link.8088-rc.read.1.tlog
D:\Coursera\Data Structures and Algorithms\Course_Solution_VS12\Debug\link.8088-rc.write.1.tlog
D:\Coursera\Data Structures and Algorithms\Course_Solution_VS12\Debug\link.8088.read.1.tlog
D:\Coursera\Data Structures and Algorithms\Course_Solution_VS12\Debug\link.8088.write.1.tlog
D:\Coursera\Data Structures and Algorithms\Course_Solution_VS12\Debug\link.8336-cvtres.read.1.tlog
D:\Coursera\Data Structures and Algorithms\Course_Solution_VS12\Debug\link.8336-cvtres.write.1.tlog
D:\Coursera\Data Structures and Algorithms\Course_Solution_VS12\Debug\link.8336-rc.read.1.tlog
D:\Coursera\Data Structures and Algorithms\Course_Solution_VS12\Debug\link.8336-rc.write.1.tlog
D:\Coursera\Data Structures and Algorithms\Course_Solution_VS12\Debug\link.8336.read.1.tlog
D:\Coursera\Data Structures and Algorithms\Course_Solution_VS12\Debug\link.8336.write.1.tlog
D:\Coursera\Data Structures and Algorithms\Course_Solution_VS12\Debug\link.8368-cvtres.read.1.tlog
D:\Coursera\Data Structures and Algorithms\Course_Solution_VS12\Debug\link.8368-cvtres.write.1.tlog
D:\Coursera\Data Structures and Algorithms\Course_Solution_VS12\Debug\link.8368-rc.read.1.tlog
D:\Coursera\Data Structures and Algorithms\Course_Solution_VS12\Debug\link.8368-rc.write.1.tlog
D:\Coursera\Data Structures and Algorithms\Course_Solution_VS12\Debug\link.8368.read.1.tlog
D:\Coursera\Data Structures and Algorithms\Course_Solution_VS12\Debug\link.8368.write.1.tlog
D:\Coursera\Data Structures and Algorithms\Course_Solution_VS12\Debug\link.8636-cvtres.read.1.tlog
D:\Coursera\Data Structures and Algorithms\Course_Solution_VS12\Debug\link.8636-cvtres.write.1.tlog
D:\Coursera\Data Structures and Algorithms\Course_Solution_VS12\Debug\link.8636-rc.read.1.tlog
D:\Coursera\Data Structures and Algorithms\Course_Solution_VS12\Debug\link.8636-rc.write.1.tlog
D:\Coursera\Data Structures and Algorithms\Course_Solution_VS12\Debug\link.8636.read.1.tlog
D:\Coursera\Data Structures and Algorithms\Course_Solution_VS12\Debug\link.8636.write.1.tlog
D:\Coursera\Data Structures and Algorithms\Course_Solution_VS12\Debug\link.command.1.tlog
D:\Coursera\Data Structures and Algorithms\Course_Solution_VS12\Debug\link.read.1.tlog
D:\Coursera\Data Structures and Algorithms\Course_Solution_VS12\Debug\link.write.1.tlog
D:\Coursera\Data Structures and Algorithms\Course_Solution_VS12\Debug\vc110.idb
D:\Coursera\Data Structures and Algorithms\Course_Solution_VS12\Debug\Course_Solution_VS12.pdb
D:\Coursera\Data Structures and Algorithms\Course_Solution_VS12\Debug\vc110.pdb
D:\Coursera\Data Structures and Algorithms\Course_Solution_VS12\Debug\Course_Solution_VS12.exe
