D:\COURSERA\DATA STRUCTURES AND ALGORITHMS\ALGORITHMIC TOOLBOX\COURSE_01\DEBUG\PRIMITIVE_CALCULATOR.OBJ
D:\COURSERA\DATA STRUCTURES AND ALGORITHMS\ALGORITHMIC TOOLBOX\COURSE_01\DEBUG\VC110.PDB
D:\COURSERA\DATA STRUCTURES AND ALGORITHMS\ALGORITHMIC TOOLBOX\COURSE_01\DEBUG\KNAPSACK.OBJ
D:\COURSERA\DATA STRUCTURES AND ALGORITHMS\ALGORITHMIC TOOLBOX\COURSE_01\DEBUG\COURSE_01.ILK
D:\COURSERA\DATA STRUCTURES AND ALGORITHMS\ALGORITHMIC TOOLBOX\COURSE_01\DEBUG\COURSE_01.EXE
D:\COURSERA\DATA STRUCTURES AND ALGORITHMS\ALGORITHMIC TOOLBOX\COURSE_01\DEBUG\COURSE_01.PDB
D:\Coursera\Data Structures and Algorithms\Algorithmic Toolbox\Course_01\Debug\knapsack.obj
D:\Coursera\Data Structures and Algorithms\Algorithmic Toolbox\Course_01\Debug\primitive_calculator.obj
D:\Coursera\Data Structures and Algorithms\Algorithmic Toolbox\Course_01\Debug\Course_01.ilk
D:\Coursera\Data Structures and Algorithms\Algorithmic Toolbox\Course_01\Debug\cl.command.1.tlog
D:\Coursera\Data Structures and Algorithms\Algorithmic Toolbox\Course_01\Debug\CL.read.1.tlog
D:\Coursera\Data Structures and Algorithms\Algorithmic Toolbox\Course_01\Debug\CL.write.1.tlog
D:\Coursera\Data Structures and Algorithms\Algorithmic Toolbox\Course_01\Debug\link-cvtres.read.1.tlog
D:\Coursera\Data Structures and Algorithms\Algorithmic Toolbox\Course_01\Debug\link-cvtres.write.1.tlog
D:\Coursera\Data Structures and Algorithms\Algorithmic Toolbox\Course_01\Debug\link-rc.read.1.tlog
D:\Coursera\Data Structures and Algorithms\Algorithmic Toolbox\Course_01\Debug\link-rc.write.1.tlog
D:\Coursera\Data Structures and Algorithms\Algorithmic Toolbox\Course_01\Debug\link.8128-cvtres.read.1.tlog
D:\Coursera\Data Structures and Algorithms\Algorithmic Toolbox\Course_01\Debug\link.8128-cvtres.write.1.tlog
D:\Coursera\Data Structures and Algorithms\Algorithmic Toolbox\Course_01\Debug\link.8128-rc.read.1.tlog
D:\Coursera\Data Structures and Algorithms\Algorithmic Toolbox\Course_01\Debug\link.8128-rc.write.1.tlog
D:\Coursera\Data Structures and Algorithms\Algorithmic Toolbox\Course_01\Debug\link.8128.read.1.tlog
D:\Coursera\Data Structures and Algorithms\Algorithmic Toolbox\Course_01\Debug\link.8128.write.1.tlog
D:\Coursera\Data Structures and Algorithms\Algorithmic Toolbox\Course_01\Debug\link.9192-cvtres.read.1.tlog
D:\Coursera\Data Structures and Algorithms\Algorithmic Toolbox\Course_01\Debug\link.9192-cvtres.write.1.tlog
D:\Coursera\Data Structures and Algorithms\Algorithmic Toolbox\Course_01\Debug\link.9192-rc.read.1.tlog
D:\Coursera\Data Structures and Algorithms\Algorithmic Toolbox\Course_01\Debug\link.9192-rc.write.1.tlog
D:\Coursera\Data Structures and Algorithms\Algorithmic Toolbox\Course_01\Debug\link.9192.read.1.tlog
D:\Coursera\Data Structures and Algorithms\Algorithmic Toolbox\Course_01\Debug\link.9192.write.1.tlog
D:\Coursera\Data Structures and Algorithms\Algorithmic Toolbox\Course_01\Debug\link.command.1.tlog
D:\Coursera\Data Structures and Algorithms\Algorithmic Toolbox\Course_01\Debug\link.read.1.tlog
D:\Coursera\Data Structures and Algorithms\Algorithmic Toolbox\Course_01\Debug\link.write.1.tlog
D:\Coursera\Data Structures and Algorithms\Algorithmic Toolbox\Course_01\Debug\vc110.idb
D:\Coursera\Data Structures and Algorithms\Algorithmic Toolbox\Course_01\Debug\Course_01.pdb
D:\Coursera\Data Structures and Algorithms\Algorithmic Toolbox\Course_01\Debug\vc110.pdb
D:\Coursera\Data Structures and Algorithms\Algorithmic Toolbox\Course_01\Debug\Course_01.exe
